<?xml version="1.0" encoding="UTF-8"?>
<testng-results skipped="0" failed="0" ignored="0" total="1" passed="1">
  <reporter-output>
  </reporter-output>
  <suite name="Default suite" duration-ms="105" started-at="2019-10-29T09:54:07Z" finished-at="2019-10-29T09:54:07Z">
    <groups>
    </groups>
    <test name="Default test" duration-ms="105" started-at="2019-10-29T09:54:07Z" finished-at="2019-10-29T09:54:07Z">
      <class name="com.oop.encapsulationtest.BankAccountLogin">
        <test-method status="PASS" signature="createAccount()[pri:0, instance:com.oop.encapsulationtest.BankAccountLogin@2bbf4b8b]" name="createAccount" duration-ms="29" started-at="2019-10-29T09:54:07Z" finished-at="2019-10-29T09:54:07Z">
          <reporter-output>
          </reporter-output>
        </test-method> <!-- createAccount -->
      </class> <!-- com.oop.encapsulationtest.BankAccountLogin -->
    </test> <!-- Default test -->
  </suite> <!-- Default suite -->
</testng-results>
